
============================================================
  DA FORECAST PIPELINE
============================================================

  Time: 2026-03-31 13:18
  Zones: DK_1, DK_2, NO_1, NO_2, NO_3, NO_4, NO_5, SE_1, SE_2, SE_3, SE_4, FI, DE_LU, NL, BE, FR, AT, PL, EE, LV, LT
  Mode: full pipeline

  Data sources:
    -> DK_1: energinet
    -> DK_2: energinet
    -> NO_1: entsoe
    -> NO_2: entsoe
    -> NO_3: entsoe
    -> NO_4: entsoe
    -> NO_5: entsoe
    -> SE_1: entsoe
    -> SE_2: entsoe
    -> SE_3: entsoe
    -> SE_4: entsoe
    -> FI: entsoe
    -> DE_LU: entsoe
    -> NL: entsoe
    -> BE: entsoe
    -> FR: entsoe
    -> AT: entsoe
    -> PL: entsoe
    -> EE: entsoe
    -> LV: entsoe
    -> LT: entsoe

============================================================
  VALIDATE -- DK_1 (West Denmark)
============================================================

  Prices: 15334 hours (2024-01-01 -> 2025-09-30)
  Expected ~15336 hours, got 15334 (100.0%)
  Wind/solar gaps: 18 hours
  Load gaps: 9 hours
  Outliers flagged: 154 (extreme positive spikes)
  Negative prices: 786 hours (5.1%) -- valid, not errors
  Imputed: 6321 values forward-filled (audit log available)
    exchange_continent_mw: 1224 values
    exchange_nordic_mw: 1224 values
    exchange_great_belt_mw: 1224 values
    wind_onshore_mw: 396 values
    wind_offshore_mw: 396 values
  WARNINGS: ['Wind/solar: 18 missing hours', 'Load: 9 missing hours', 'DST spring_forward (2024-03-31): got 24h, expected 23h', 'DST fall_back (2024-10-27): got 24h, expected 25h', 'DST spring_forward (2025-03-30): got 24h, expected 23h', '154 price outliers -- review before trading', 'WARNING: 41.2% of hours were forward-filled (threshold: 5.0%)']

============================================================
  FEATURES + MODEL + BACKTEST -- DK_1
============================================================


  Building features for DK_1...
  Feature matrix: 15145 rows x 19 columns (full (price + wind/solar + load))
  Warmup dropped: 189 rows
  Period: 2024-01-08 -> 2025-09-30

  Train: 10601 hours (2024-01-08 -> 2025-03-24)
  Test:  4544 hours (2025-03-24 -> 2025-09-30)
  MAE:  20.20 EUR/MWh (baseline: 33.56, improvement: +39.8%)
  RMSE: 27.74 EUR/MWh
  Top 3 features: residual_load_mw (0.286), price_lag_1d (0.150), is_weekend (0.105)
  Drift check: DK_1: not enough history for drift detection (4 observations)
  Backtest DK_1: P&L=328370 EUR, Sharpe=18.48, Win=87%, Trades=6898, Drawdown=1434 EUR

============================================================
  VALIDATE -- DK_2 (East Denmark)
============================================================

  Prices: 15334 hours (2024-01-01 -> 2025-09-30)
  Expected ~15336 hours, got 15334 (100.0%)
  Wind/solar gaps: 18 hours
  Load gaps: 9 hours
  Outliers flagged: 167 (extreme positive spikes)
  Negative prices: 525 hours (3.4%) -- valid, not errors
  Imputed: 6130 values forward-filled (audit log available)
    exchange_continent_mw: 1224 values
    exchange_nordic_mw: 1224 values
    exchange_great_belt_mw: 1224 values
    wind_onshore_mw: 396 values
    wind_offshore_mw: 396 values
  WARNINGS: ['Wind/solar: 18 missing hours', 'Load: 9 missing hours', 'DST spring_forward (2024-03-31): got 24h, expected 23h', 'DST fall_back (2024-10-27): got 24h, expected 25h', 'DST spring_forward (2025-03-30): got 24h, expected 23h', '167 price outliers -- review before trading', 'WARNING: 40.0% of hours were forward-filled (threshold: 5.0%)']

============================================================
  FEATURES + MODEL + BACKTEST -- DK_2
============================================================


  Building features for DK_2...
  Feature matrix: 15145 rows x 19 columns (full (price + wind/solar + load))
  Warmup dropped: 189 rows
  Period: 2024-01-08 -> 2025-09-30

  Train: 10601 hours (2024-01-08 -> 2025-03-24)
  Test:  4544 hours (2025-03-24 -> 2025-09-30)
  MAE:  22.13 EUR/MWh (baseline: 33.05, improvement: +33.0%)
  RMSE: 30.47 EUR/MWh
  Top 3 features: residual_load_mw (0.323), price_lag_1d (0.144), is_weekend (0.059)
  Drift check: DK_2: not enough history for drift detection (3 observations)
  Backtest DK_2: P&L=327844 EUR, Sharpe=18.83, Win=87%, Trades=6899, Drawdown=1582 EUR

============================================================
  VALIDATE -- NO_1 (South-East Norway)
============================================================

  Prices: 32807 hours (2024-01-01 -> 2026-03-31)
  Expected ~19704 hours, got 32807 (166.5%)
  Wind/solar gaps: 1721 hours
  Outliers flagged: 675 (extreme positive spikes)
  Negative prices: 288 hours (0.9%) -- valid, not errors
  Imputed: 6 values forward-filled (audit log available)
    wind_offshore_mw: 6 values
  WARNINGS: ['Wind/solar: 1721 missing hours', 'DST fall_back (2025-10-26): got 100h, expected 25h', 'DST spring_forward (2026-03-29): got 92h, expected 23h', '675 price outliers -- review before trading']

============================================================
  FEATURES + MODEL + BACKTEST -- NO_1
============================================================


  Building features for NO_1...
  Feature matrix: 30822 rows x 19 columns (full (price + wind/solar + load))
  Warmup dropped: 1985 rows
  Period: 2024-01-12 -> 2026-03-31

  Train: 21575 hours (2024-01-12 -> 2025-12-25)
  Test:  9247 hours (2025-12-25 -> 2026-03-31)
  MAE:  25.39 EUR/MWh (baseline: 26.61, improvement: +4.6%)
  RMSE: 33.13 EUR/MWh
  Top 3 features: price_lag_1d (0.257), residual_load_mw (0.147), is_weekend (0.077)
  Drift check: NO_1: not enough history for drift detection (2 observations)
  Backtest NO_1: P&L=273445 EUR, Sharpe=15.68, Win=87%, Trades=8285, Drawdown=505 EUR

============================================================
  VALIDATE -- NO_2 (South Norway)
============================================================

  Prices: 31392 hours (2024-01-01 -> 2026-03-31)
  Expected ~19704 hours, got 31392 (159.3%)
  Outliers flagged: 571 (extreme positive spikes)
  Negative prices: 265 hours (0.8%) -- valid, not errors
  WARNINGS: ['DST fall_back (2025-10-26): got 100h, expected 25h', 'DST spring_forward (2026-03-29): got 92h, expected 23h', '571 price outliers -- review before trading']

============================================================
  FEATURES + MODEL + BACKTEST -- NO_2
============================================================


  Building features for NO_2...
  Feature matrix: 504 rows x 19 columns (full (price + wind/solar + load))
  Warmup dropped: 30888 rows
  Period: 2025-09-10 -> 2025-09-30

  Train: 352 hours (2025-09-10 -> 2025-09-24)
  Test:  152 hours (2025-09-24 -> 2025-09-30)
  MAE:  15.58 EUR/MWh (baseline: 19.03, improvement: +18.1%)
  RMSE: 19.68 EUR/MWh
  Top 3 features: price_rolling_24h_min (0.274), price_rolling_24h_max (0.149), weekday_cos (0.127)
  Drift check: NO_2: not enough history for drift detection (1 observations)
  Backtest for NO_2: not enough data

============================================================
  VALIDATE -- NO_3 (Middle Norway)
============================================================

  Prices: 32807 hours (2024-01-01 -> 2026-03-31)
  Expected ~19704 hours, got 32807 (166.5%)
  Wind/solar gaps: 1721 hours
  Outliers flagged: 952 (extreme positive spikes)
  Negative prices: 263 hours (0.8%) -- valid, not errors
  Imputed: 6 values forward-filled (audit log available)
    wind_offshore_mw: 6 values
  WARNINGS: ['Wind/solar: 1721 missing hours', 'DST fall_back (2025-10-26): got 100h, expected 25h', 'DST spring_forward (2026-03-29): got 92h, expected 23h', '952 price outliers -- review before trading']

============================================================
  FEATURES + MODEL + BACKTEST -- NO_3
============================================================


  Building features for NO_3...
  Feature matrix: 30822 rows x 19 columns (full (price + wind/solar + load))
  Warmup dropped: 1985 rows
  Period: 2024-01-12 -> 2026-03-31

  Train: 21575 hours (2024-01-12 -> 2025-12-25)
  Test:  9247 hours (2025-12-25 -> 2026-03-31)
  MAE:  28.34 EUR/MWh (baseline: 25.55, improvement: -10.9%)
  RMSE: 37.13 EUR/MWh
  Top 3 features: price_lag_1d (0.347), residual_load_mw (0.146), price_rolling_24h_min (0.097)
  Drift check: NO_3: not enough history for drift detection (1 observations)
  Backtest NO_3: P&L=180235 EUR, Sharpe=13.64, Win=91%, Trades=7341, Drawdown=873 EUR

============================================================
  VALIDATE -- NO_4 (North Norway)
============================================================

  Prices: 32807 hours (2024-01-01 -> 2026-03-31)
  Expected ~19704 hours, got 32807 (166.5%)
  Wind/solar gaps: 1721 hours
  Outliers flagged: 849 (extreme positive spikes)
  Negative prices: 633 hours (1.9%) -- valid, not errors
  Imputed: 6 values forward-filled (audit log available)
    wind_offshore_mw: 6 values
  WARNINGS: ['Wind/solar: 1721 missing hours', 'DST fall_back (2025-10-26): got 100h, expected 25h', 'DST spring_forward (2026-03-29): got 92h, expected 23h', '849 price outliers -- review before trading']

============================================================
  FEATURES + MODEL + BACKTEST -- NO_4
============================================================


  Building features for NO_4...
  Feature matrix: 30822 rows x 19 columns (full (price + wind/solar + load))
  Warmup dropped: 1985 rows
  Period: 2024-01-12 -> 2026-03-31

  Train: 21575 hours (2024-01-12 -> 2025-12-25)
  Test:  9247 hours (2025-12-25 -> 2026-03-31)
  MAE:  20.69 EUR/MWh (baseline: 33.08, improvement: +37.5%)
  RMSE: 33.56 EUR/MWh
  Top 3 features: price_lag_1d (0.331), residual_load_mw (0.188), price_rolling_24h_min (0.101)
  Drift check: NO_4: not enough history for drift detection (1 observations)
  Backtest NO_4: P&L=138326 EUR, Sharpe=9.71, Win=94%, Trades=5079, Drawdown=208 EUR

============================================================
  VALIDATE -- NO_5 (West Norway)
============================================================

  Prices: 32807 hours (2024-01-01 -> 2026-03-31)
  Expected ~19704 hours, got 32807 (166.5%)
  Wind/solar gaps: 1721 hours
  Outliers flagged: 743 (extreme positive spikes)
  Negative prices: 176 hours (0.5%) -- valid, not errors
  Imputed: 6 values forward-filled (audit log available)
    wind_offshore_mw: 6 values
  WARNINGS: ['Wind/solar: 1721 missing hours', 'DST fall_back (2025-10-26): got 100h, expected 25h', 'DST spring_forward (2026-03-29): got 92h, expected 23h', '743 price outliers -- review before trading']

============================================================
  FEATURES + MODEL + BACKTEST -- NO_5
============================================================


  Building features for NO_5...
  Feature matrix: 30822 rows x 19 columns (full (price + wind/solar + load))
  Warmup dropped: 1985 rows
  Period: 2024-01-12 -> 2026-03-31

  Train: 21575 hours (2024-01-12 -> 2025-12-25)
  Test:  9247 hours (2025-12-25 -> 2026-03-31)
  MAE:  19.76 EUR/MWh (baseline: 19.98, improvement: +1.1%)
  RMSE: 25.87 EUR/MWh
  Top 3 features: price_lag_1d (0.301), residual_load_mw (0.125), price_rolling_24h_min (0.092)
  Drift check: NO_5: not enough history for drift detection (1 observations)
  Backtest NO_5: P&L=202710 EUR, Sharpe=15.11, Win=90%, Trades=7818, Drawdown=810 EUR

============================================================
  VALIDATE -- SE_1 (North Sweden)
============================================================

  Prices: 32807 hours (2024-01-01 -> 2026-03-31)
  Expected ~19704 hours, got 32807 (166.5%)
  Wind/solar gaps: 96 hours
  Load gaps: 24 hours
  Outliers flagged: 1124 (extreme positive spikes)
  Negative prices: 1354 hours (4.1%) -- valid, not errors
  WARNINGS: ['Wind/solar: 96 missing hours', 'Load: 24 missing hours', 'DST fall_back (2025-10-26): got 100h, expected 25h', 'DST spring_forward (2026-03-29): got 92h, expected 23h', '1124 price outliers -- review before trading']

============================================================
  FEATURES + MODEL + BACKTEST -- SE_1
============================================================


  Building features for SE_1...
  Feature matrix: 27908 rows x 19 columns (full (price + wind/solar + load))
  Warmup dropped: 4899 rows
  Period: 2024-01-08 -> 2026-03-31

  Train: 19535 hours (2024-01-08 -> 2026-01-02)
  Test:  8373 hours (2026-01-02 -> 2026-03-31)
  MAE:  24.16 EUR/MWh (baseline: 38.04, improvement: +36.5%)
  RMSE: 36.00 EUR/MWh
  Top 3 features: price_lag_1d (0.271), residual_load_mw (0.147), is_weekend (0.103)
  Drift check: SE_1: not enough history for drift detection (1 observations)
  Backtest SE_1: P&L=242625 EUR, Sharpe=13.97, Win=92%, Trades=7610, Drawdown=792 EUR

============================================================
  VALIDATE -- SE_2 (North-Central Sweden)
============================================================

  Prices: 32807 hours (2024-01-01 -> 2026-03-31)
  Expected ~19704 hours, got 32807 (166.5%)
  Wind/solar gaps: 96 hours
  Load gaps: 24 hours
  Outliers flagged: 1205 (extreme positive spikes)
  Negative prices: 1721 hours (5.2%) -- valid, not errors
  WARNINGS: ['Wind/solar: 96 missing hours', 'Load: 24 missing hours', 'DST fall_back (2025-10-26): got 100h, expected 25h', 'DST spring_forward (2026-03-29): got 92h, expected 23h', '1205 price outliers -- review before trading']

============================================================
  FEATURES + MODEL + BACKTEST -- SE_2
============================================================


  Building features for SE_2...
  Feature matrix: 27908 rows x 19 columns (full (price + wind/solar + load))
  Warmup dropped: 4899 rows
  Period: 2024-01-08 -> 2026-03-31

  Train: 19535 hours (2024-01-08 -> 2026-01-02)
  Test:  8373 hours (2026-01-02 -> 2026-03-31)
  MAE:  17.19 EUR/MWh (baseline: 37.95, improvement: +54.7%)
  RMSE: 26.19 EUR/MWh
  Top 3 features: residual_load_mw (0.284), price_lag_1d (0.187), is_weekend (0.095)
  Drift check: SE_2: not enough history for drift detection (1 observations)
  Backtest SE_2: P&L=262376 EUR, Sharpe=14.75, Win=93%, Trades=7601, Drawdown=462 EUR

============================================================
  VALIDATE -- SE_3 (Central Sweden)
============================================================

  Prices: 31392 hours (2024-01-01 -> 2026-03-31)
  Expected ~19704 hours, got 31392 (159.3%)
  Wind/solar gaps: 1511 hours
  Load gaps: 1439 hours
  Outliers flagged: 653 (extreme positive spikes)
  Negative prices: 1154 hours (3.7%) -- valid, not errors
  WARNINGS: ['Wind/solar: 1511 missing hours', 'Load: 1439 missing hours', 'DST fall_back (2025-10-26): got 100h, expected 25h', 'DST spring_forward (2026-03-29): got 92h, expected 23h', '653 price outliers -- review before trading']

============================================================
  FEATURES + MODEL + BACKTEST -- SE_3
============================================================


  Building features for SE_3...
  Feature matrix: 26493 rows x 19 columns (full (price + wind/solar + load))
  Warmup dropped: 4899 rows
  Period: 2024-01-08 -> 2026-03-31

  Train: 18545 hours (2024-01-08 -> 2026-01-07)
  Test:  7948 hours (2026-01-07 -> 2026-03-31)
  MAE:  25.46 EUR/MWh (baseline: 40.70, improvement: +37.4%)
  RMSE: 42.86 EUR/MWh
  Top 3 features: price_lag_1d (0.244), residual_load_mw (0.198), is_weekend (0.062)
  Drift check: SE_3: not enough history for drift detection (1 observations)
  Backtest SE_3: P&L=334301 EUR, Sharpe=17.88, Win=90%, Trades=8100, Drawdown=1545 EUR

============================================================
  VALIDATE -- SE_4 (South Sweden)
============================================================

  Prices: 31392 hours (2024-01-01 -> 2026-03-31)
  Expected ~19704 hours, got 31392 (159.3%)
  Wind/solar gaps: 1511 hours
  Load gaps: 1439 hours
  Outliers flagged: 636 (extreme positive spikes)
  Negative prices: 1183 hours (3.8%) -- valid, not errors
  WARNINGS: ['Wind/solar: 1511 missing hours', 'Load: 1439 missing hours', 'DST fall_back (2025-10-26): got 100h, expected 25h', 'DST spring_forward (2026-03-29): got 92h, expected 23h', '636 price outliers -- review before trading']

============================================================
  FEATURES + MODEL + BACKTEST -- SE_4
============================================================


  Building features for SE_4...
  Feature matrix: 26493 rows x 19 columns (full (price + wind/solar + load))
  Warmup dropped: 4899 rows
  Period: 2024-01-08 -> 2026-03-31

  Train: 18545 hours (2024-01-08 -> 2026-01-07)
  Test:  7948 hours (2026-01-07 -> 2026-03-31)
  MAE:  26.70 EUR/MWh (baseline: 49.48, improvement: +46.0%)
  RMSE: 38.07 EUR/MWh
  Top 3 features: price_lag_1d (0.214), residual_load_mw (0.202), is_holiday (0.056)
  Drift check: SE_4: not enough history for drift detection (1 observations)
  Backtest SE_4: P&L=441493 EUR, Sharpe=20.59, Win=89%, Trades=8287, Drawdown=1382 EUR

============================================================
  VALIDATE -- FI (Finland)
============================================================

  Prices: 32807 hours (2024-01-01 -> 2026-04-01)
  Expected ~19704 hours, got 32807 (166.5%)
  Wind/solar gaps: 22 hours
  Outliers flagged: 1075 (extreme positive spikes)
  Negative prices: 1322 hours (4.0%) -- valid, not errors
  Imputed: 6 values forward-filled (audit log available)
    solar_mw: 6 values
  WARNINGS: ['Wind/solar: 22 missing hours', 'DST fall_back (2025-10-26): got 100h, expected 25h', 'DST spring_forward (2026-03-29): got 92h, expected 23h', '1075 price outliers -- review before trading']

============================================================
  FEATURES + MODEL + BACKTEST -- FI
============================================================


  Building features for FI...
  Feature matrix: 32617 rows x 19 columns (full (price + wind/solar + load))
  Warmup dropped: 190 rows
  Period: 2024-01-08 -> 2026-04-01

  Train: 22831 hours (2024-01-08 -> 2025-12-20)
  Test:  9786 hours (2025-12-20 -> 2026-04-01)
  MAE:  26.84 EUR/MWh (baseline: 52.14, improvement: +48.5%)
  RMSE: 48.43 EUR/MWh
  Top 3 features: residual_load_mw (0.296), is_weekend (0.123), hour_cos (0.078)
  Drift check: FI: not enough history for drift detection (1 observations)
  Backtest FI: P&L=593228 EUR, Sharpe=20.11, Win=93%, Trades=8799, Drawdown=1012 EUR

============================================================
  VALIDATE -- DE_LU (Germany-Luxembourg)
============================================================

  Prices: 31392 hours (2024-01-01 -> 2026-03-31)
  Expected ~19704 hours, got 31392 (159.3%)
  Outliers flagged: 413 (extreme positive spikes)
  Negative prices: 1339 hours (4.3%) -- valid, not errors
  WARNINGS: ['DST fall_back (2025-10-26): got 100h, expected 25h', 'DST spring_forward (2026-03-29): got 92h, expected 23h', '413 price outliers -- review before trading']

============================================================
  FEATURES + MODEL + BACKTEST -- DE_LU
============================================================


  Building features for DE_LU...
  Feature matrix: 5135 rows x 19 columns (full (price + wind/solar + load))
  Warmup dropped: 26257 rows
  Period: 2025-03-01 -> 2025-09-30

  Train: 3594 hours (2025-03-01 -> 2025-07-28)
  Test:  1541 hours (2025-07-28 -> 2025-09-30)
  MAE:  13.69 EUR/MWh (baseline: 29.40, improvement: +53.4%)
  RMSE: 23.33 EUR/MWh
  Top 3 features: residual_load_mw (0.601), solar_mw (0.118), hour_cos (0.052)
  Drift check: DE_LU: not enough history for drift detection (1 observations)
  Backtest DE_LU: P&L=74799 EUR, Sharpe=25.95, Win=93%, Trades=1863, Drawdown=75 EUR

============================================================
  VALIDATE -- NL (Netherlands)
============================================================

  Prices: 32807 hours (2024-01-01 -> 2026-03-31)
  Expected ~19704 hours, got 32807 (166.5%)
  Outliers flagged: 416 (extreme positive spikes)
  Negative prices: 1247 hours (3.8%) -- valid, not errors
  WARNINGS: ['DST fall_back (2025-10-26): got 100h, expected 25h', 'DST spring_forward (2026-03-29): got 92h, expected 23h', '416 price outliers -- review before trading']

============================================================
  FEATURES + MODEL + BACKTEST -- NL
============================================================


  Building features for NL...
  Feature matrix: 32639 rows x 19 columns (full (price + wind/solar + load))
  Warmup dropped: 168 rows
  Period: 2024-01-08 -> 2026-03-31

  Train: 22847 hours (2024-01-08 -> 2025-12-19)
  Test:  9792 hours (2025-12-19 -> 2026-03-31)
  MAE:  17.71 EUR/MWh (baseline: 41.39, improvement: +57.2%)
  RMSE: 25.04 EUR/MWh
  Top 3 features: residual_load_mw (0.399), is_weekend (0.069), price_lag_1d (0.066)
  Drift check: NL: not enough history for drift detection (1 observations)
  Backtest NL: P&L=471199 EUR, Sharpe=20.23, Win=91%, Trades=9068, Drawdown=868 EUR

============================================================
  VALIDATE -- BE (Belgium)
============================================================

  Prices: 32807 hours (2024-01-01 -> 2026-03-31)
  Expected ~19704 hours, got 32807 (166.5%)
  Outliers flagged: 279 (extreme positive spikes)
  Negative prices: 1088 hours (3.3%) -- valid, not errors
  WARNINGS: ['DST fall_back (2025-10-26): got 100h, expected 25h', 'DST spring_forward (2026-03-29): got 92h, expected 23h', '279 price outliers -- review before trading']

============================================================
  FEATURES + MODEL + BACKTEST -- BE
============================================================


  Building features for BE...
  Feature matrix: 19535 rows x 19 columns (full (price + wind/solar + load))
  Warmup dropped: 13272 rows
  Period: 2024-01-08 -> 2026-03-31

  Train: 13674 hours (2024-01-08 -> 2025-07-30)
  Test:  5861 hours (2025-07-30 -> 2026-03-31)
  MAE:  20.29 EUR/MWh (baseline: 28.20, improvement: +28.1%)
  RMSE: 27.59 EUR/MWh
  Top 3 features: residual_load_mw (0.481), price_lag_1d (0.153), price_lag_7d (0.042)
  Drift check: BE: not enough history for drift detection (1 observations)
  Backtest BE: P&L=330548 EUR, Sharpe=23.37, Win=90%, Trades=9061, Drawdown=321 EUR

============================================================
  VALIDATE -- FR (France)
============================================================

  Prices: 32807 hours (2024-01-01 -> 2026-03-31)
  Expected ~19704 hours, got 32807 (166.5%)
  Wind/solar gaps: 18 hours
  Outliers flagged: 358 (extreme positive spikes)
  Negative prices: 1194 hours (3.6%) -- valid, not errors
  Imputed: 16 values forward-filled (audit log available)
    wind_onshore_mw: 8 values
    solar_mw: 8 values
  WARNINGS: ['Wind/solar: 18 missing hours', 'DST fall_back (2025-10-26): got 100h, expected 25h', 'DST spring_forward (2026-03-29): got 92h, expected 23h', '358 price outliers -- review before trading']

============================================================
  FEATURES + MODEL + BACKTEST -- FR
============================================================


  Building features for FR...
  Feature matrix: 25418 rows x 19 columns (full (price + wind/solar + load))
  Warmup dropped: 7389 rows
  Period: 2024-01-08 -> 2026-03-31

  Train: 17792 hours (2024-01-08 -> 2026-01-11)
  Test:  7626 hours (2026-01-11 -> 2026-03-31)
  MAE:  23.92 EUR/MWh (baseline: 44.59, improvement: +46.4%)
  RMSE: 30.80 EUR/MWh
  Top 3 features: residual_load_mw (0.432), price_lag_1d (0.180), hour_cos (0.045)
  Drift check: FR: not enough history for drift detection (1 observations)
  Backtest FR: P&L=380757 EUR, Sharpe=23.25, Win=91%, Trades=9042, Drawdown=440 EUR

============================================================
  VALIDATE -- AT (Austria)
============================================================

  Prices: 32807 hours (2024-01-01 -> 2026-03-31)
  Expected ~19704 hours, got 32807 (166.5%)
  Outliers flagged: 313 (extreme positive spikes)
  Negative prices: 740 hours (2.3%) -- valid, not errors
  WARNINGS: ['DST fall_back (2025-10-26): got 100h, expected 25h', 'DST spring_forward (2026-03-29): got 92h, expected 23h', '313 price outliers -- review before trading']

============================================================
  FEATURES + MODEL + BACKTEST -- AT
============================================================


  Building features for AT...
  Feature matrix: 32639 rows x 19 columns (full (price + wind/solar + load))
  Warmup dropped: 168 rows
  Period: 2024-01-08 -> 2026-03-31

  Train: 22847 hours (2024-01-08 -> 2025-12-19)
  Test:  9792 hours (2025-12-19 -> 2026-03-31)
  MAE:  21.85 EUR/MWh (baseline: 47.23, improvement: +53.7%)
  RMSE: 30.97 EUR/MWh
  Top 3 features: residual_load_mw (0.366), price_lag_1d (0.087), solar_mw (0.072)
  Drift check: AT: not enough history for drift detection (1 observations)
  Backtest AT: P&L=420303 EUR, Sharpe=17.36, Win=87%, Trades=9023, Drawdown=591 EUR

============================================================
  VALIDATE -- PL (Poland)
============================================================

  Prices: 32807 hours (2024-01-01 -> 2026-03-31)
  Expected ~19704 hours, got 32807 (166.5%)
  Outliers flagged: 567 (extreme positive spikes)
  Negative prices: 730 hours (2.2%) -- valid, not errors
  WARNINGS: ['DST fall_back (2025-10-26): got 100h, expected 25h', 'DST spring_forward (2026-03-29): got 92h, expected 23h', '567 price outliers -- review before trading']

============================================================
  FEATURES + MODEL + BACKTEST -- PL
============================================================


  Building features for PL...
  Feature matrix: 32639 rows x 19 columns (full (price + wind/solar + load))
  Warmup dropped: 168 rows
  Period: 2024-01-08 -> 2026-03-31

  Train: 22847 hours (2024-01-08 -> 2025-12-19)
  Test:  9792 hours (2025-12-19 -> 2026-03-31)
  MAE:  21.31 EUR/MWh (baseline: 55.32, improvement: +61.5%)
  RMSE: 31.07 EUR/MWh
  Top 3 features: residual_load_mw (0.425), weekday_cos (0.087), price_lag_1d (0.058)
  Drift check: PL: not enough history for drift detection (1 observations)
  Backtest PL: P&L=552518 EUR, Sharpe=21.71, Win=93%, Trades=9059, Drawdown=413 EUR

============================================================
  VALIDATE -- EE (Estonia)
============================================================

  Prices: 32807 hours (2024-01-01 -> 2026-04-01)
  Expected ~19704 hours, got 32807 (166.5%)
  Wind/solar gaps: 26 hours
  Outliers flagged: 787 (extreme positive spikes)
  Negative prices: 447 hours (1.4%) -- valid, not errors
  WARNINGS: ['Wind/solar: 26 missing hours', 'DST fall_back (2025-10-26): got 100h, expected 25h', 'DST spring_forward (2026-03-29): got 92h, expected 23h', '787 price outliers -- review before trading']

============================================================
  FEATURES + MODEL + BACKTEST -- EE
============================================================


  Building features for EE...
  Feature matrix: 19508 rows x 19 columns (full (price + wind/solar + load))
  Warmup dropped: 13299 rows
  Period: 2024-01-08 -> 2026-03-31

  Train: 13655 hours (2024-01-08 -> 2025-07-31)
  Test:  5853 hours (2025-07-31 -> 2026-03-31)
  MAE:  46.71 EUR/MWh (baseline: 56.01, improvement: +16.6%)
  RMSE: 65.40 EUR/MWh
  Top 3 features: price_lag_1d (0.201), is_weekend (0.087), residual_load_mw (0.076)
  Drift check: EE: not enough history for drift detection (1 observations)
  Backtest EE: P&L=491508 EUR, Sharpe=20.95, Win=81%, Trades=9075, Drawdown=889 EUR

============================================================
  VALIDATE -- LV (Latvia)
============================================================

  Prices: 32807 hours (2024-01-01 -> 2026-04-01)
  Expected ~19704 hours, got 32807 (166.5%)
  Wind/solar gaps: 161 hours
  Outliers flagged: 719 (extreme positive spikes)
  Negative prices: 388 hours (1.2%) -- valid, not errors
  Imputed: 6 values forward-filled (audit log available)
    solar_mw: 6 values
  WARNINGS: ['Wind/solar: 161 missing hours', 'DST fall_back (2025-10-26): got 100h, expected 25h', 'DST spring_forward (2026-03-29): got 92h, expected 23h', '719 price outliers -- review before trading']

============================================================
  FEATURES + MODEL + BACKTEST -- LV
============================================================


  Building features for LV...
  Feature matrix: 19374 rows x 19 columns (full (price + wind/solar + load))
  Warmup dropped: 13433 rows
  Period: 2024-01-08 -> 2026-04-01

  Train: 13561 hours (2024-01-08 -> 2025-07-31)
  Test:  5813 hours (2025-07-31 -> 2026-04-01)
  MAE:  42.24 EUR/MWh (baseline: 55.32, improvement: +23.6%)
  RMSE: 64.57 EUR/MWh
  Top 3 features: price_lag_1d (0.207), residual_load_mw (0.137), is_weekend (0.057)
  Drift check: LV: not enough history for drift detection (1 observations)
  Backtest LV: P&L=503476 EUR, Sharpe=21.23, Win=84%, Trades=9008, Drawdown=1041 EUR

============================================================
  VALIDATE -- LT (Lithuania)
============================================================

  Prices: 32807 hours (2024-01-01 -> 2026-04-01)
  Expected ~19704 hours, got 32807 (166.5%)
  Wind/solar gaps: 1 hours
  Load gaps: 1 hours
  Outliers flagged: 712 (extreme positive spikes)
  Negative prices: 406 hours (1.2%) -- valid, not errors
  WARNINGS: ['Wind/solar: 1 missing hours', 'Load: 1 missing hours', 'DST fall_back (2025-10-26): got 100h, expected 25h', 'DST spring_forward (2026-03-29): got 92h, expected 23h', '712 price outliers -- review before trading']

============================================================
  FEATURES + MODEL + BACKTEST -- LT
============================================================


  Building features for LT...
  Feature matrix: 32637 rows x 19 columns (full (price + wind/solar + load))
  Warmup dropped: 170 rows
  Period: 2024-01-08 -> 2026-04-01

  Train: 22845 hours (2024-01-08 -> 2025-12-19)
  Test:  9792 hours (2025-12-20 -> 2026-04-01)
  MAE:  36.87 EUR/MWh (baseline: 77.95, improvement: +52.7%)
  RMSE: 52.93 EUR/MWh
  Top 3 features: residual_load_mw (0.306), is_weekend (0.099), price_rolling_24h_max (0.065)
  Drift check: LT: not enough history for drift detection (1 observations)
  Backtest LT: P&L=744074 EUR, Sharpe=18.40, Win=88%, Trades=9092, Drawdown=2061 EUR

  Imputation audit log: /home/broens/Documents/git/eu-electricity-forecasting/output/imputation_audit.csv (12503 entries)

============================================================
  GENERATING PLOTS
============================================================

  Saved: output/prices_all_zones.png
  Saved: output/feature_importance.png
  Saved: output/backtest_pnl.png
  Saved: output/quality_summary.png

============================================================
  SUMMARY
============================================================

  Zones processed: 21

  Model performance:
      Zone       MAE  Baseline   Improvement
  ------------------------------------------
      DK_1     20.20     33.56        +39.8%
      DK_2     22.13     33.05        +33.0%
      NO_1     25.39     26.61         +4.6%
      NO_2     15.58     19.03        +18.1%
      NO_3     28.34     25.55        -10.9%
      NO_4     20.69     33.08        +37.5%
      NO_5     19.76     19.98         +1.1%
      SE_1     24.16     38.04        +36.5%
      SE_2     17.19     37.95        +54.7%
      SE_3     25.46     40.70        +37.4%
      SE_4     26.70     49.48        +46.0%
        FI     26.84     52.14        +48.5%
     DE_LU     13.69     29.40        +53.4%
        NL     17.71     41.39        +57.2%
        BE     20.29     28.20        +28.1%
        FR     23.92     44.59        +46.4%
        AT     21.85     47.23        +53.7%
        PL     21.31     55.32        +61.5%
        EE     46.71     56.01        +16.6%
        LV     42.24     55.32        +23.6%
        LT     36.87     77.95        +52.7%

  Backtest results (with 0.04 EUR/MWh costs, max 12 trades/day):
      Zone   P&L (EUR)    Sharpe    Win%    Trades
  ------------------------------------------------
      DK_1      328370     18.48     87%      6898
      DK_2      327844     18.83     87%      6899
      NO_1      273445     15.68     87%      8285
      NO_3      180235     13.64     91%      7341
      NO_4      138326      9.71     94%      5079
      NO_5      202710     15.11     90%      7818
      SE_1      242625     13.97     92%      7610
      SE_2      262376     14.75     93%      7601
      SE_3      334301     17.88     90%      8100
      SE_4      441493     20.59     89%      8287
        FI      593228     20.11     93%      8799
     DE_LU       74799     25.95     93%      1863
        NL      471199     20.23     91%      9068
        BE      330548     23.37     90%      9061
        FR      380757     23.25     91%      9042
        AT      420303     17.36     87%      9023
        PL      552518     21.71     93%      9059
        EE      491508     20.95     81%      9075
        LV      503476     21.23     84%      9008
        LT      744074     18.40     88%      9092

  Outputs saved to: /home/broens/Documents/git/eu-electricity-forecasting/output/
  Full log: /home/broens/Documents/git/eu-electricity-forecasting/output/pipeline_report.log

  Note: Sharpe ratios are calculated on daily P&L (annualized sqrt(365)).
  Real-world strategies typically achieve Sharpe 1-3.
  Values above 3 suggest the backtest is still optimistic
  (no market impact, no slippage, perfect execution).

============================================================
  REVENUE ESTIMATION
============================================================

  Assumptions:
  A1. Position sizes: 1 MW, 5 MW, 10 MW
  A2. Trading fee: 0.04 EUR/MWh (Nord Pool fee schedule)
  A3. No market impact (valid for small positions)
  A4. 365 trading days/year
  A5. Balancing/imbalance costs excluded (~5-15% drag in practice)
  A6. Collateral costs excluded (margin capital earns 0%)
  A7. Model haircuts: 100% / 50% / 25% of backtest P&L
  Sources:
    - Nord Pool fee: https://www.nordpoolgroup.com/trading/fees/
    - Market impact threshold: ACER 2024 Wholesale Market Report
    - Live vs backtest ratio: De Prado, 'Advances in Financial ML', Ch. 11

  DK_1 (backtest: 576 days, 328370 EUR @ 1 MWh)
  Scenario                  1 MW          5 MW         10 MW
  --------------------------------------------------------
  Optimistic         208,082 EUR  1,040,408 EUR  2,080,815 EUR
  Base case          104,041 EUR   520,204 EUR  1,040,408 EUR
  Conservative        52,020 EUR   260,102 EUR   520,204 EUR
                    (multiply by ~7.46 for DKK)

  DK_2 (backtest: 576 days, 327844 EUR @ 1 MWh)
  Scenario                  1 MW          5 MW         10 MW
  --------------------------------------------------------
  Optimistic         207,748 EUR  1,038,741 EUR  2,077,482 EUR
  Base case          103,874 EUR   519,370 EUR  1,038,741 EUR
  Conservative        51,937 EUR   259,685 EUR   519,370 EUR
                    (multiply by ~7.46 for DKK)

  NO_1 (backtest: 728 days, 273445 EUR @ 1 MWh)
  Scenario                  1 MW          5 MW         10 MW
  --------------------------------------------------------
  Optimistic         137,098 EUR   685,492 EUR  1,370,983 EUR
  Base case           68,549 EUR   342,746 EUR   685,492 EUR
  Conservative        34,275 EUR   171,373 EUR   342,746 EUR
                    (multiply by ~7.46 for DKK)

  NO_3 (backtest: 728 days, 180235 EUR @ 1 MWh)
  Scenario                  1 MW          5 MW         10 MW
  --------------------------------------------------------
  Optimistic          90,365 EUR   451,825 EUR   903,651 EUR
  Base case           45,183 EUR   225,913 EUR   451,825 EUR
  Conservative        22,591 EUR   112,956 EUR   225,913 EUR
                    (multiply by ~7.46 for DKK)

  NO_4 (backtest: 728 days, 138326 EUR @ 1 MWh)
  Scenario                  1 MW          5 MW         10 MW
  --------------------------------------------------------
  Optimistic          69,353 EUR   346,765 EUR   693,530 EUR
  Base case           34,677 EUR   173,383 EUR   346,765 EUR
  Conservative        17,338 EUR    86,691 EUR   173,383 EUR
                    (multiply by ~7.46 for DKK)

  NO_5 (backtest: 728 days, 202710 EUR @ 1 MWh)
  Scenario                  1 MW          5 MW         10 MW
  --------------------------------------------------------
  Optimistic         101,634 EUR   508,168 EUR  1,016,336 EUR
  Base case           50,817 EUR   254,084 EUR   508,168 EUR
  Conservative        25,408 EUR   127,042 EUR   254,084 EUR
                    (multiply by ~7.46 for DKK)

  SE_1 (backtest: 753 days, 242625 EUR @ 1 MWh)
  Scenario                  1 MW          5 MW         10 MW
  --------------------------------------------------------
  Optimistic         117,607 EUR   588,036 EUR  1,176,071 EUR
  Base case           58,804 EUR   294,018 EUR   588,036 EUR
  Conservative        29,402 EUR   147,009 EUR   294,018 EUR
                    (multiply by ~7.46 for DKK)

  SE_2 (backtest: 753 days, 262376 EUR @ 1 MWh)
  Scenario                  1 MW          5 MW         10 MW
  --------------------------------------------------------
  Optimistic         127,181 EUR   635,904 EUR  1,271,808 EUR
  Base case           63,590 EUR   317,952 EUR   635,904 EUR
  Conservative        31,795 EUR   158,976 EUR   317,952 EUR
                    (multiply by ~7.46 for DKK)

  SE_3 (backtest: 693 days, 334301 EUR @ 1 MWh)
  Scenario                  1 MW          5 MW         10 MW
  --------------------------------------------------------
  Optimistic         176,075 EUR   880,373 EUR  1,760,747 EUR
  Base case           88,037 EUR   440,187 EUR   880,373 EUR
  Conservative        44,019 EUR   220,093 EUR   440,187 EUR
                    (multiply by ~7.46 for DKK)

  SE_4 (backtest: 693 days, 441493 EUR @ 1 MWh)
  Scenario                  1 MW          5 MW         10 MW
  --------------------------------------------------------
  Optimistic         232,532 EUR  1,162,662 EUR  2,325,324 EUR
  Base case          116,266 EUR   581,331 EUR  1,162,662 EUR
  Conservative        58,133 EUR   290,666 EUR   581,331 EUR
                    (multiply by ~7.46 for DKK)

  FI (backtest: 759 days, 593228 EUR @ 1 MWh)
  Scenario                  1 MW          5 MW         10 MW
  --------------------------------------------------------
  Optimistic         285,281 EUR  1,426,405 EUR  2,852,811 EUR
  Base case          142,641 EUR   713,203 EUR  1,426,405 EUR
  Conservative        71,320 EUR   356,601 EUR   713,203 EUR
                    (multiply by ~7.46 for DKK)

  DE_LU (backtest: 157 days, 74799 EUR @ 1 MWh)
  Scenario                  1 MW          5 MW         10 MW
  --------------------------------------------------------
  Optimistic         173,896 EUR   869,482 EUR  1,738,963 EUR
  Base case           86,948 EUR   434,741 EUR   869,482 EUR
  Conservative        43,474 EUR   217,370 EUR   434,741 EUR
                    (multiply by ~7.46 for DKK)

  NL (backtest: 758 days, 471199 EUR @ 1 MWh)
  Scenario                  1 MW          5 MW         10 MW
  --------------------------------------------------------
  Optimistic         226,896 EUR  1,134,482 EUR  2,268,965 EUR
  Base case          113,448 EUR   567,241 EUR  1,134,482 EUR
  Conservative        56,724 EUR   283,621 EUR   567,241 EUR
                    (multiply by ~7.46 for DKK)

  BE (backtest: 758 days, 330548 EUR @ 1 MWh)
  Scenario                  1 MW          5 MW         10 MW
  --------------------------------------------------------
  Optimistic         159,169 EUR   795,844 EUR  1,591,689 EUR
  Base case           79,584 EUR   397,922 EUR   795,844 EUR
  Conservative        39,792 EUR   198,961 EUR   397,922 EUR
                    (multiply by ~7.46 for DKK)

  FR (backtest: 758 days, 380757 EUR @ 1 MWh)
  Scenario                  1 MW          5 MW         10 MW
  --------------------------------------------------------
  Optimistic         183,346 EUR   916,731 EUR  1,833,462 EUR
  Base case           91,673 EUR   458,366 EUR   916,731 EUR
  Conservative        45,837 EUR   229,183 EUR   458,366 EUR
                    (multiply by ~7.46 for DKK)

  AT (backtest: 758 days, 420303 EUR @ 1 MWh)
  Scenario                  1 MW          5 MW         10 MW
  --------------------------------------------------------
  Optimistic         202,389 EUR  1,011,943 EUR  2,023,885 EUR
  Base case          101,194 EUR   505,971 EUR  1,011,943 EUR
  Conservative        50,597 EUR   252,986 EUR   505,971 EUR
                    (multiply by ~7.46 for DKK)

  PL (backtest: 758 days, 552518 EUR @ 1 MWh)
  Scenario                  1 MW          5 MW         10 MW
  --------------------------------------------------------
  Optimistic         266,054 EUR  1,330,272 EUR  2,660,544 EUR
  Base case          133,027 EUR   665,136 EUR  1,330,272 EUR
  Conservative        66,514 EUR   332,568 EUR   665,136 EUR
                    (multiply by ~7.46 for DKK)

  EE (backtest: 757 days, 491508 EUR @ 1 MWh)
  Scenario                  1 MW          5 MW         10 MW
  --------------------------------------------------------
  Optimistic         236,988 EUR  1,184,942 EUR  2,369,884 EUR
  Base case          118,494 EUR   592,471 EUR  1,184,942 EUR
  Conservative        59,247 EUR   296,236 EUR   592,471 EUR
                    (multiply by ~7.46 for DKK)

  LV (backtest: 754 days, 503476 EUR @ 1 MWh)
  Scenario                  1 MW          5 MW         10 MW
  --------------------------------------------------------
  Optimistic         243,725 EUR  1,218,626 EUR  2,437,251 EUR
  Base case          121,863 EUR   609,313 EUR  1,218,626 EUR
  Conservative        60,931 EUR   304,656 EUR   609,313 EUR
                    (multiply by ~7.46 for DKK)

  LT (backtest: 759 days, 744074 EUR @ 1 MWh)
  Scenario                  1 MW          5 MW         10 MW
  --------------------------------------------------------
  Optimistic         357,822 EUR  1,789,110 EUR  3,578,220 EUR
  Base case          178,911 EUR   894,555 EUR  1,789,110 EUR
  Conservative        89,456 EUR   447,278 EUR   894,555 EUR
                    (multiply by ~7.46 for DKK)

  COMBINED (all 20 zones)
  Scenario                  1 MW          5 MW         10 MW
  --------------------------------------------------------
  Optimistic        3,821,934 EUR  19,109,670 EUR  38,219,341 EUR
  Base case         1,910,967 EUR  9,554,835 EUR  19,109,670 EUR
  Conservative       955,484 EUR  4,777,418 EUR  9,554,835 EUR
                    (multiply by ~7.46 for DKK)

  WARNING: These projections are indicative only.
  Real-world P&L is typically 25-50% of backtest estimates due to:
    - Model degradation on unseen market regimes
    - Imbalance settlement costs (not modelled)
    - Execution timing and partial fills
    - Collateral requirements reducing deployable capital
  The 'Base case' scenario is the most realistic starting point.
